2017-10-27 23:54:57,663 DEBUG [cn.unicorn.mapping.NewsNS.doCreate] - ==>  Preparing: INSERT INTO news(title,pub_date,note) VALUES (?,?,?) 
2017-10-27 23:54:57,690 DEBUG [cn.unicorn.mapping.NewsNS.doCreate] - ==> Parameters: 大新闻 - 406712334(String), 2017-10-27 23:54:57.214(Timestamp), 我为长者续406712334s(String)
2017-10-27 23:54:57,691 DEBUG [cn.unicorn.mapping.NewsNS.doCreate] - <==    Updates: 1
2017-10-27 23:57:06,241 DEBUG [cn.unicorn.mapping.NewsNS.findById] - ==>  Preparing: SELECT nid,title,pub_date AS pubdate,note FROM news WHERE nid=?; 
2017-10-27 23:57:06,261 DEBUG [cn.unicorn.mapping.NewsNS.findById] - ==> Parameters: 2(Long)
2017-10-27 23:57:06,273 TRACE [cn.unicorn.mapping.NewsNS.findById] - <==    Columns: nid, title, pubdate, note
2017-10-27 23:57:06,278 TRACE [cn.unicorn.mapping.NewsNS.findById] - <==        Row: 2, 搞基 1739766253, 2017-10-27 21:51:38.0, <<BLOB>>
2017-10-27 23:57:06,282 DEBUG [cn.unicorn.mapping.NewsNS.findById] - <==      Total: 1
2017-10-28 00:06:17,577 DEBUG [cn.unicorn.mapping.NewsNS.findSplit] - ==>  Preparing: SELECT nid,title,pub_date AS pubdate,note FROM news WHERE title LIKE ? LIMIT ?,?; 
2017-10-28 00:06:17,601 DEBUG [cn.unicorn.mapping.NewsNS.findSplit] - ==> Parameters: %搞%(String), 0(Long), 2(Integer)
2017-10-28 00:06:17,614 TRACE [cn.unicorn.mapping.NewsNS.findSplit] - <==    Columns: nid, title, pubdate, note
2017-10-28 00:06:17,617 TRACE [cn.unicorn.mapping.NewsNS.findSplit] - <==        Row: 2, 搞基 1739766253, 2017-10-27 21:51:38.0, <<BLOB>>
2017-10-28 00:06:17,620 DEBUG [cn.unicorn.mapping.NewsNS.findSplit] - <==      Total: 1
2017-10-28 00:06:17,625 DEBUG [cn.unicorn.mapping.NewsNS.getSplitCount] - ==>  Preparing: SELECT COUNT(*) FROM news WHERE title LIKE ?; 
2017-10-28 00:06:17,625 DEBUG [cn.unicorn.mapping.NewsNS.getSplitCount] - ==> Parameters: %搞%(String)
2017-10-28 00:06:17,626 TRACE [cn.unicorn.mapping.NewsNS.getSplitCount] - <==    Columns: COUNT(*)
2017-10-28 00:06:17,626 TRACE [cn.unicorn.mapping.NewsNS.getSplitCount] - <==        Row: 1
2017-10-28 00:06:17,626 DEBUG [cn.unicorn.mapping.NewsNS.getSplitCount] - <==      Total: 1
2017-10-28 00:06:17,628 DEBUG [cn.unicorn.mapping.NewsNS.doRemove] - ==>  Preparing: DELETE FROM news WHERE nid=?; 
2017-10-28 00:06:17,628 DEBUG [cn.unicorn.mapping.NewsNS.doRemove] - ==> Parameters: 1(Long)
2017-10-28 00:06:17,629 DEBUG [cn.unicorn.mapping.NewsNS.doRemove] - <==    Updates: 0
2017-10-28 00:06:17,634 DEBUG [cn.unicorn.mapping.NewsNS.findById] - ==>  Preparing: SELECT nid,title,pub_date AS pubdate,note FROM news WHERE nid=?; 
2017-10-28 00:06:17,634 DEBUG [cn.unicorn.mapping.NewsNS.findById] - ==> Parameters: 2(Long)
2017-10-28 00:06:17,635 TRACE [cn.unicorn.mapping.NewsNS.findById] - <==    Columns: nid, title, pubdate, note
2017-10-28 00:06:17,635 TRACE [cn.unicorn.mapping.NewsNS.findById] - <==        Row: 2, 搞基 1739766253, 2017-10-27 21:51:38.0, <<BLOB>>
2017-10-28 00:06:17,635 DEBUG [cn.unicorn.mapping.NewsNS.findById] - <==      Total: 1
2017-10-28 00:06:17,635 DEBUG [cn.unicorn.mapping.NewsNS.findById] - ==>  Preparing: SELECT nid,title,pub_date AS pubdate,note FROM news WHERE nid=?; 
2017-10-28 00:06:17,635 DEBUG [cn.unicorn.mapping.NewsNS.findById] - ==> Parameters: 2(Long)
2017-10-28 00:06:17,636 TRACE [cn.unicorn.mapping.NewsNS.findById] - <==    Columns: nid, title, pubdate, note
2017-10-28 00:06:17,636 TRACE [cn.unicorn.mapping.NewsNS.findById] - <==        Row: 2, 搞基 1739766253, 2017-10-27 21:51:38.0, <<BLOB>>
2017-10-28 00:06:17,636 DEBUG [cn.unicorn.mapping.NewsNS.findById] - <==      Total: 1
2017-10-28 00:06:17,637 DEBUG [cn.unicorn.mapping.NewsNS.doCreate] - ==>  Preparing: INSERT INTO news(title,pub_date,note) VALUES (?,?,?) 
2017-10-28 00:06:17,639 DEBUG [cn.unicorn.mapping.NewsNS.doCreate] - ==> Parameters: 大新闻 - 273900557(String), 2017-10-28 00:06:17.637(Timestamp), 我为长者续273900557s(String)
2017-10-28 00:06:17,640 DEBUG [cn.unicorn.mapping.NewsNS.doCreate] - <==    Updates: 1
2017-10-28 00:06:17,703 DEBUG [cn.unicorn.mapping.NewsNS.findMap] - ==>  Preparing: SELECT nid,title,pub_date AS pubdate,note FROM news; 
2017-10-28 00:06:17,704 DEBUG [cn.unicorn.mapping.NewsNS.findMap] - ==> Parameters: 
2017-10-28 00:06:17,706 TRACE [cn.unicorn.mapping.NewsNS.findMap] - <==    Columns: nid, title, pubdate, note
2017-10-28 00:06:17,706 TRACE [cn.unicorn.mapping.NewsNS.findMap] - <==        Row: 2, 搞基 1739766253, 2017-10-27 21:51:38.0, <<BLOB>>
2017-10-28 00:06:17,708 TRACE [cn.unicorn.mapping.NewsNS.findMap] - <==        Row: 4, 大新闻 - 1728395725, 2017-10-27 23:54:08.0, <<BLOB>>
2017-10-28 00:06:17,709 TRACE [cn.unicorn.mapping.NewsNS.findMap] - <==        Row: 5, 大新闻 - 406712334, 2017-10-27 23:54:57.0, <<BLOB>>
2017-10-28 00:06:17,709 TRACE [cn.unicorn.mapping.NewsNS.findMap] - <==        Row: 6, 大新闻 - 273900557, 2017-10-28 00:06:17.0, <<BLOB>>
2017-10-28 00:06:17,710 DEBUG [cn.unicorn.mapping.NewsNS.findMap] - <==      Total: 4
2017-10-28 00:06:17,716 DEBUG [cn.unicorn.mapping.NewsNS.doEdit] - ==>  Preparing: UPDATE news SET title=?,note=? WHERE nid=?; 
2017-10-28 00:06:17,717 DEBUG [cn.unicorn.mapping.NewsNS.doEdit] - ==> Parameters: 搞基 273900557(String), ass we can273900557(String), 2(Long)
2017-10-28 00:06:17,719 DEBUG [cn.unicorn.mapping.NewsNS.doEdit] - <==    Updates: 1
2017-10-28 00:06:17,743 DEBUG [cn.unicorn.mapping.NewsNS.findAll] - ==>  Preparing: SELECT nid,title,pub_date AS pubdate,note FROM news; 
2017-10-28 00:06:17,743 DEBUG [cn.unicorn.mapping.NewsNS.findAll] - ==> Parameters: 
2017-10-28 00:06:17,745 TRACE [cn.unicorn.mapping.NewsNS.findAll] - <==    Columns: nid, title, pubdate, note
2017-10-28 00:06:17,745 TRACE [cn.unicorn.mapping.NewsNS.findAll] - <==        Row: 2, 搞基 273900557, 2017-10-27 21:51:38.0, <<BLOB>>
2017-10-28 00:06:17,745 TRACE [cn.unicorn.mapping.NewsNS.findAll] - <==        Row: 4, 大新闻 - 1728395725, 2017-10-27 23:54:08.0, <<BLOB>>
2017-10-28 00:06:17,746 TRACE [cn.unicorn.mapping.NewsNS.findAll] - <==        Row: 5, 大新闻 - 406712334, 2017-10-27 23:54:57.0, <<BLOB>>
2017-10-28 00:06:17,746 TRACE [cn.unicorn.mapping.NewsNS.findAll] - <==        Row: 6, 大新闻 - 273900557, 2017-10-28 00:06:17.0, <<BLOB>>
2017-10-28 00:06:17,747 DEBUG [cn.unicorn.mapping.NewsNS.findAll] - <==      Total: 4
2017-10-28 00:06:33,158 DEBUG [cn.unicorn.mapping.NewsNS.findById] - ==>  Preparing: SELECT nid,title,pub_date AS pubdate,note FROM news WHERE nid=?; 
2017-10-28 00:06:33,177 DEBUG [cn.unicorn.mapping.NewsNS.findById] - ==> Parameters: 2(Long)
2017-10-28 00:06:33,190 TRACE [cn.unicorn.mapping.NewsNS.findById] - <==    Columns: nid, title, pubdate, note
2017-10-28 00:06:33,194 TRACE [cn.unicorn.mapping.NewsNS.findById] - <==        Row: 2, 搞基 273900557, 2017-10-27 21:51:38.0, <<BLOB>>
2017-10-28 00:06:33,198 DEBUG [cn.unicorn.mapping.NewsNS.findById] - <==      Total: 1
2017-10-28 00:06:33,201 DEBUG [cn.unicorn.mapping.NewsNS.findById] - ==>  Preparing: SELECT nid,title,pub_date AS pubdate,note FROM news WHERE nid=?; 
2017-10-28 00:06:33,201 DEBUG [cn.unicorn.mapping.NewsNS.findById] - ==> Parameters: 2(Long)
2017-10-28 00:06:33,202 TRACE [cn.unicorn.mapping.NewsNS.findById] - <==    Columns: nid, title, pubdate, note
2017-10-28 00:06:33,203 TRACE [cn.unicorn.mapping.NewsNS.findById] - <==        Row: 2, 搞基 273900557, 2017-10-27 21:51:38.0, <<BLOB>>
2017-10-28 00:06:33,203 DEBUG [cn.unicorn.mapping.NewsNS.findById] - <==      Total: 1
2017-10-28 00:21:18,247 DEBUG [cn.unicorn.mapping.NewsNS] - Cache Hit Ratio [cn.unicorn.mapping.NewsNS]: 0.0
2017-10-28 00:21:18,430 DEBUG [cn.unicorn.mapping.NewsNS.findById] - ==>  Preparing: SELECT nid,title,pub_date AS pubdate,note FROM news WHERE nid=?; 
2017-10-28 00:21:18,455 DEBUG [cn.unicorn.mapping.NewsNS.findById] - ==> Parameters: 2(Long)
2017-10-28 00:21:18,469 TRACE [cn.unicorn.mapping.NewsNS.findById] - <==    Columns: nid, title, pubdate, note
2017-10-28 00:21:18,473 TRACE [cn.unicorn.mapping.NewsNS.findById] - <==        Row: 2, 搞基 273900557, 2017-10-27 21:51:38.0, <<BLOB>>
2017-10-28 00:21:18,476 DEBUG [cn.unicorn.mapping.NewsNS.findById] - <==      Total: 1
2017-10-28 00:21:18,565 DEBUG [cn.unicorn.mapping.NewsNS] - Cache Hit Ratio [cn.unicorn.mapping.NewsNS]: 0.5
